# JRE version: OpenJDK Runtime Environment (8.0_152-b01) (build 1.8.0_152-release-915-b01)
# Java VM: OpenJDK 64-Bit Server VM (25.152-b01 mixed mode windows-amd64 compressed oops)
Heap:
 PSYoungGen      total 325632K, used 284456K [0x00000000e0000000, 0x00000000fc700000, 0x0000000100000000)
  eden space 300032K, 94% used [0x00000000e0000000,0x00000000f15ca1f0,0x00000000f2500000)
  from space 25600K, 0% used [0x00000000f2500000,0x00000000f2500000,0x00000000f3e00000)
  to   space 30208K, 0% used [0x00000000fa980000,0x00000000fa980000,0x00000000fc700000)
 ParOldGen       total 203264K, used 53355K [0x00000000a0000000, 0x00000000ac680000, 0x00000000e0000000)
  object space 203264K, 26% used [0x00000000a0000000,0x00000000a341ad70,0x00000000ac680000)
 Metaspace       used 66614K, capacity 69728K, committed 69848K, reserved 1110016K
  class space    used 8893K, capacity 9625K, committed 9728K, reserved 1048576K
GC Heap History (10 events):
Event: 3.600 GC heap before
{Heap before GC invocations=8 (full 2):
 PSYoungGen      total 207872K, used 10408K [0x00000000e0000000, 0x00000000eea80000, 0x0000000100000000)
  eden space 194048K, 0% used [0x00000000e0000000,0x00000000e0000000,0x00000000ebd80000)
  from space 13824K, 75% used [0x00000000ecb80000,0x00000000ed5aa3b0,0x00000000ed900000)
  to   space 14336K, 0% used [0x00000000ebd80000,0x00000000ebd80000,0x00000000ecb80000)
 ParOldGen       total 88576K, used 6831K [0x00000000a0000000, 0x00000000a5680000, 0x00000000e0000000)
  object space 88576K, 7% used [0x00000000a0000000,0x00000000a06abfc8,0x00000000a5680000)
 Metaspace       used 34437K, capacity 35250K, committed 35416K, reserved 1079296K
  class space    used 4691K, capacity 4975K, committed 4992K, reserved 1048576K
Event: 3.663 GC heap after
Heap after GC invocations=8 (full 2):
 PSYoungGen      total 207872K, used 0K [0x00000000e0000000, 0x00000000eea80000, 0x0000000100000000)
  eden space 194048K, 0% used [0x00000000e0000000,0x00000000e0000000,0x00000000ebd80000)
  from space 13824K, 0% used [0x00000000ecb80000,0x00000000ecb80000,0x00000000ed900000)
  to   space 14336K, 0% used [0x00000000ebd80000,0x00000000ebd80000,0x00000000ecb80000)
 ParOldGen       total 128000K, used 16686K [0x00000000a0000000, 0x00000000a7d00000, 0x00000000e0000000)
  object space 128000K, 13% used [0x00000000a0000000,0x00000000a104bb10,0x00000000a7d00000)
 Metaspace       used 34437K, capacity 35250K, committed 35416K, reserved 1079296K
  class space    used 4691K, capacity 4975K, committed 4992K, reserved 1048576K
}
Event: 5.123 GC heap before
{Heap before GC invocations=9 (full 2):
 PSYoungGen      total 207872K, used 194048K [0x00000000e0000000, 0x00000000eea80000, 0x0000000100000000)
  eden space 194048K, 100% used [0x00000000e0000000,0x00000000ebd80000,0x00000000ebd80000)
  from space 13824K, 0% used [0x00000000ecb80000,0x00000000ecb80000,0x00000000ed900000)
  to   space 14336K, 0% used [0x00000000ebd80000,0x00000000ebd80000,0x00000000ecb80000)
 ParOldGen       total 128000K, used 16686K [0x00000000a0000000, 0x00000000a7d00000, 0x00000000e0000000)
  object space 128000K, 13% used [0x00000000a0000000,0x00000000a104bb10,0x00000000a7d00000)
 Metaspace       used 47665K, capacity 48818K, committed 48984K, reserved 1091584K
  class space    used 6359K, capacity 6739K, committed 6784K, reserved 1048576K
Event: 5.142 GC heap after
Heap after GC invocations=9 (full 2):
 PSYoungGen      total 208384K, used 14327K [0x00000000e0000000, 0x00000000f4f80000, 0x0000000100000000)
  eden space 194048K, 0% used [0x00000000e0000000,0x00000000e0000000,0x00000000ebd80000)
  from space 14336K, 99% used [0x00000000ebd80000,0x00000000ecb7dd88,0x00000000ecb80000)
  to   space 17920K, 0% used [0x00000000f3e00000,0x00000000f3e00000,0x00000000f4f80000)
 ParOldGen       total 128000K, used 20271K [0x00000000a0000000, 0x00000000a7d00000, 0x00000000e0000000)
  object space 128000K, 15% used [0x00000000a0000000,0x00000000a13cbd40,0x00000000a7d00000)
 Metaspace       used 47665K, capacity 48818K, committed 48984K, reserved 1091584K
  class space    used 6359K, capacity 6739K, committed 6784K, reserved 1048576K
}
Event: 6.318 GC heap before
{Heap before GC invocations=10 (full 2):
 PSYoungGen      total 208384K, used 208375K [0x00000000e0000000, 0x00000000f4f80000, 0x0000000100000000)
  eden space 194048K, 100% used [0x00000000e0000000,0x00000000ebd80000,0x00000000ebd80000)
  from space 14336K, 99% used [0x00000000ebd80000,0x00000000ecb7dd88,0x00000000ecb80000)
  to   space 17920K, 0% used [0x00000000f3e00000,0x00000000f3e00000,0x00000000f4f80000)
 ParOldGen       total 128000K, used 20271K [0x00000000a0000000, 0x00000000a7d00000, 0x00000000e0000000)
  object space 128000K, 15% used [0x00000000a0000000,0x00000000a13cbd40,0x00000000a7d00000)
 Metaspace       used 54851K, capacity 56690K, committed 56792K, reserved 1097728K
  class space    used 7434K, capacity 7913K, committed 7936K, reserved 1048576K
Event: 6.343 GC heap after
Heap after GC invocations=10 (full 2):
 PSYoungGen      total 317952K, used 17901K [0x00000000e0000000, 0x00000000f5900000, 0x0000000100000000)
  eden space 300032K, 0% used [0x00000000e0000000,0x00000000e0000000,0x00000000f2500000)
  from space 17920K, 99% used [0x00000000f3e00000,0x00000000f4f7b4f0,0x00000000f4f80000)
  to   space 25600K, 0% used [0x00000000f2500000,0x00000000f2500000,0x00000000f3e00000)
 ParOldGen       total 128000K, used 32750K [0x00000000a0000000, 0x00000000a7d00000, 0x00000000e0000000)
  object space 128000K, 25% used [0x00000000a0000000,0x00000000a1ffba90,0x00000000a7d00000)
 Metaspace       used 54851K, capacity 56690K, committed 56792K, reserved 1097728K
  class space    used 7434K, capacity 7913K, committed 7936K, reserved 1048576K
}
Event: 6.960 GC heap before
{Heap before GC invocations=11 (full 2):
 PSYoungGen      total 317952K, used 93241K [0x00000000e0000000, 0x00000000f5900000, 0x0000000100000000)
  eden space 300032K, 25% used [0x00000000e0000000,0x00000000e49932d0,0x00000000f2500000)
  from space 17920K, 99% used [0x00000000f3e00000,0x00000000f4f7b4f0,0x00000000f4f80000)
  to   space 25600K, 0% used [0x00000000f2500000,0x00000000f2500000,0x00000000f3e00000)
 ParOldGen       total 128000K, used 32750K [0x00000000a0000000, 0x00000000a7d00000, 0x00000000e0000000)
  object space 128000K, 25% used [0x00000000a0000000,0x00000000a1ffba90,0x00000000a7d00000)
 Metaspace       used 56692K, capacity 58912K, committed 58968K, reserved 1099776K
  class space    used 7728K, capacity 8278K, committed 8320K, reserved 1048576K
Event: 6.994 GC heap after
Heap after GC invocations=11 (full 2):
 PSYoungGen      total 325632K, used 25581K [0x00000000e0000000, 0x00000000fc700000, 0x0000000100000000)
  eden space 300032K, 0% used [0x00000000e0000000,0x00000000e0000000,0x00000000f2500000)
  from space 25600K, 99% used [0x00000000f2500000,0x00000000f3dfb4f0,0x00000000f3e00000)
  to   space 30208K, 0% used [0x00000000fa980000,0x00000000fa980000,0x00000000fc700000)
 ParOldGen       total 128000K, used 33962K [0x00000000a0000000, 0x00000000a7d00000, 0x00000000e0000000)
  object space 128000K, 26% used [0x00000000a0000000,0x00000000a212a930,0x00000000a7d00000)
 Metaspace       used 56692K, capacity 58912K, committed 58968K, reserved 1099776K
  class space    used 7728K, capacity 8278K, committed 8320K, reserved 1048576K
}
Event: 6.994 GC heap before
{Heap before GC invocations=12 (full 3):
 PSYoungGen      total 325632K, used 25581K [0x00000000e0000000, 0x00000000fc700000, 0x0000000100000000)
  eden space 300032K, 0% used [0x00000000e0000000,0x00000000e0000000,0x00000000f2500000)
  from space 25600K, 99% used [0x00000000f2500000,0x00000000f3dfb4f0,0x00000000f3e00000)
  to   space 30208K, 0% used [0x00000000fa980000,0x00000000fa980000,0x00000000fc700000)
 ParOldGen       total 128000K, used 33962K [0x00000000a0000000, 0x00000000a7d00000, 0x00000000e0000000)
  object space 128000K, 26% used [0x00000000a0000000,0x00000000a212a930,0x00000000a7d00000)
 Metaspace       used 56692K, capacity 58912K, committed 58968K, reserved 1099776K
  class space    used 7728K, capacity 8278K, committed 8320K, reserved 1048576K
Event: 7.202 GC heap after
Heap after GC invocations=12 (full 3):
 PSYoungGen      total 325632K, used 0K [0x00000000e0000000, 0x00000000fc700000, 0x0000000100000000)
  eden space 300032K, 0% used [0x00000000e0000000,0x00000000e0000000,0x00000000f2500000)
  from space 25600K, 0% used [0x00000000f2500000,0x00000000f2500000,0x00000000f3e00000)
  to   space 30208K, 0% used [0x00000000fa980000,0x00000000fa980000,0x00000000fc700000)
 ParOldGen       total 203264K, used 53355K [0x00000000a0000000, 0x00000000ac680000, 0x00000000e0000000)
  object space 203264K, 26% used [0x00000000a0000000,0x00000000a341ad70,0x00000000ac680000)
 Metaspace       used 56692K, capacity 58912K, committed 58968K, reserved 1099776K
  class space    used 7728K, capacity 8278K, committed 8320K, reserved 1048576K
}

