# JRE version: OpenJDK Runtime Environment (8.0_152-b01) (build 1.8.0_152-release-915-b01)
# Java VM: OpenJDK 64-Bit Server VM (25.152-b01 mixed mode windows-amd64 compressed oops)
Heap:
 PSYoungGen      total 124416K, used 116560K [0x00000000e0000000, 0x00000000ed880000, 0x0000000100000000)
  eden space 117248K, 99% used [0x00000000e0000000,0x00000000e71d4160,0x00000000e7280000)
  from space 7168K, 0% used [0x00000000e8a80000,0x00000000e8a80000,0x00000000e9180000)
  to   space 24576K, 3% used [0x00000000e7280000,0x00000000e7340000,0x00000000e8a80000)
 ParOldGen       total 188416K, used 56328K [0x00000000a0000000, 0x00000000ab800000, 0x00000000e0000000)
  object space 188416K, 29% used [0x00000000a0000000,0x00000000a3702210,0x00000000ab800000)
 Metaspace       used 62224K, capacity 64894K, committed 64984K, reserved 1107968K
  class space    used 8466K, capacity 9146K, committed 9216K, reserved 1048576K
GC Heap History (10 events):
Event: 8.023 GC heap after
Heap after GC invocations=9 (full 2):
 PSYoungGen      total 131584K, used 10751K [0x00000000e0000000, 0x00000000e9180000, 0x0000000100000000)
  eden space 120832K, 0% used [0x00000000e0000000,0x00000000e0000000,0x00000000e7600000)
  from space 10752K, 99% used [0x00000000e7c80000,0x00000000e86ffe40,0x00000000e8700000)
  to   space 7168K, 0% used [0x00000000e8a80000,0x00000000e8a80000,0x00000000e9180000)
 ParOldGen       total 115712K, used 19350K [0x00000000a0000000, 0x00000000a7100000, 0x00000000e0000000)
  object space 115712K, 16% used [0x00000000a0000000,0x00000000a12e5a98,0x00000000a7100000)
 Metaspace       used 42772K, capacity 43842K, committed 43992K, reserved 1087488K
  class space    used 5694K, capacity 6055K, committed 6144K, reserved 1048576K
}
Event: 9.301 GC heap before
{Heap before GC invocations=10 (full 2):
 PSYoungGen      total 131584K, used 131583K [0x00000000e0000000, 0x00000000e9180000, 0x0000000100000000)
  eden space 120832K, 100% used [0x00000000e0000000,0x00000000e7600000,0x00000000e7600000)
  from space 10752K, 99% used [0x00000000e7c80000,0x00000000e86ffe40,0x00000000e8700000)
  to   space 7168K, 0% used [0x00000000e8a80000,0x00000000e8a80000,0x00000000e9180000)
 ParOldGen       total 115712K, used 19350K [0x00000000a0000000, 0x00000000a7100000, 0x00000000e0000000)
  object space 115712K, 16% used [0x00000000a0000000,0x00000000a12e5a98,0x00000000a7100000)
 Metaspace       used 50522K, capacity 52042K, committed 52184K, reserved 1093632K
  class space    used 6744K, capacity 7167K, committed 7168K, reserved 1048576K
Event: 9.336 GC heap after
Heap after GC invocations=10 (full 2):
 PSYoungGen      total 128000K, used 7165K [0x00000000e0000000, 0x00000000e9180000, 0x0000000100000000)
  eden space 120832K, 0% used [0x00000000e0000000,0x00000000e0000000,0x00000000e7600000)
  from space 7168K, 99% used [0x00000000e8a80000,0x00000000e917f4e0,0x00000000e9180000)
  to   space 10752K, 0% used [0x00000000e7c80000,0x00000000e7c80000,0x00000000e8700000)
 ParOldGen       total 115712K, used 28337K [0x00000000a0000000, 0x00000000a7100000, 0x00000000e0000000)
  object space 115712K, 24% used [0x00000000a0000000,0x00000000a1bac718,0x00000000a7100000)
 Metaspace       used 50522K, capacity 52042K, committed 52184K, reserved 1093632K
  class space    used 6744K, capacity 7167K, committed 7168K, reserved 1048576K
}
Event: 10.235 GC heap before
{Heap before GC invocations=11 (full 2):
 PSYoungGen      total 128000K, used 127997K [0x00000000e0000000, 0x00000000e9180000, 0x0000000100000000)
  eden space 120832K, 100% used [0x00000000e0000000,0x00000000e7600000,0x00000000e7600000)
  from space 7168K, 99% used [0x00000000e8a80000,0x00000000e917f4e0,0x00000000e9180000)
  to   space 10752K, 0% used [0x00000000e7c80000,0x00000000e7c80000,0x00000000e8700000)
 ParOldGen       total 115712K, used 28337K [0x00000000a0000000, 0x00000000a7100000, 0x00000000e0000000)
  object space 115712K, 24% used [0x00000000a0000000,0x00000000a1bac718,0x00000000a7100000)
 Metaspace       used 54810K, capacity 56700K, committed 56792K, reserved 1097728K
  class space    used 7412K, capacity 7873K, committed 7936K, reserved 1048576K
Event: 10.351 GC heap after
Heap after GC invocations=11 (full 2):
 PSYoungGen      total 131584K, used 10749K [0x00000000e0000000, 0x00000000e9180000, 0x0000000100000000)
  eden space 120832K, 0% used [0x00000000e0000000,0x00000000e0000000,0x00000000e7600000)
  from space 10752K, 99% used [0x00000000e7c80000,0x00000000e86ff4d0,0x00000000e8700000)
  to   space 7168K, 0% used [0x00000000e8a80000,0x00000000e8a80000,0x00000000e9180000)
 ParOldGen       total 115712K, used 38215K [0x00000000a0000000, 0x00000000a7100000, 0x00000000e0000000)
  object space 115712K, 33% used [0x00000000a0000000,0x00000000a2551da0,0x00000000a7100000)
 Metaspace       used 54810K, capacity 56700K, committed 56792K, reserved 1097728K
  class space    used 7412K, capacity 7873K, committed 7936K, reserved 1048576K
}
Event: 11.922 GC heap before
{Heap before GC invocations=12 (full 2):
 PSYoungGen      total 131584K, used 112106K [0x00000000e0000000, 0x00000000e9180000, 0x0000000100000000)
  eden space 120832K, 83% used [0x00000000e0000000,0x00000000e62fb648,0x00000000e7600000)
  from space 10752K, 99% used [0x00000000e7c80000,0x00000000e86ff4d0,0x00000000e8700000)
  to   space 7168K, 0% used [0x00000000e8a80000,0x00000000e8a80000,0x00000000e9180000)
 ParOldGen       total 115712K, used 38215K [0x00000000a0000000, 0x00000000a7100000, 0x00000000e0000000)
  object space 115712K, 33% used [0x00000000a0000000,0x00000000a2551da0,0x00000000a7100000)
 Metaspace       used 56741K, capacity 58912K, committed 58968K, reserved 1099776K
  class space    used 7734K, capacity 8278K, committed 8320K, reserved 1048576K
Event: 12.015 GC heap after
Heap after GC invocations=12 (full 2):
 PSYoungGen      total 124416K, used 7168K [0x00000000e0000000, 0x00000000ed880000, 0x0000000100000000)
  eden space 117248K, 0% used [0x00000000e0000000,0x00000000e0000000,0x00000000e7280000)
  from space 7168K, 100% used [0x00000000e8a80000,0x00000000e9180000,0x00000000e9180000)
  to   space 24576K, 0% used [0x00000000e7280000,0x00000000e7280000,0x00000000e8a80000)
 ParOldGen       total 115712K, used 54682K [0x00000000a0000000, 0x00000000a7100000, 0x00000000e0000000)
  object space 115712K, 47% used [0x00000000a0000000,0x00000000a3566ac0,0x00000000a7100000)
 Metaspace       used 56741K, capacity 58912K, committed 58968K, reserved 1099776K
  class space    used 7734K, capacity 8278K, committed 8320K, reserved 1048576K
}
Event: 12.015 GC heap before
{Heap before GC invocations=13 (full 3):
 PSYoungGen      total 124416K, used 7168K [0x00000000e0000000, 0x00000000ed880000, 0x0000000100000000)
  eden space 117248K, 0% used [0x00000000e0000000,0x00000000e0000000,0x00000000e7280000)
  from space 7168K, 100% used [0x00000000e8a80000,0x00000000e9180000,0x00000000e9180000)
  to   space 24576K, 0% used [0x00000000e7280000,0x00000000e7280000,0x00000000e8a80000)
 ParOldGen       total 115712K, used 54682K [0x00000000a0000000, 0x00000000a7100000, 0x00000000e0000000)
  object space 115712K, 47% used [0x00000000a0000000,0x00000000a3566ac0,0x00000000a7100000)
 Metaspace       used 56741K, capacity 58912K, committed 58968K, reserved 1099776K
  class space    used 7734K, capacity 8278K, committed 8320K, reserved 1048576K
Event: 12.380 GC heap after
Heap after GC invocations=13 (full 3):
 PSYoungGen      total 124416K, used 0K [0x00000000e0000000, 0x00000000ed880000, 0x0000000100000000)
  eden space 117248K, 0% used [0x00000000e0000000,0x00000000e0000000,0x00000000e7280000)
  from space 7168K, 0% used [0x00000000e8a80000,0x00000000e8a80000,0x00000000e9180000)
  to   space 24576K, 0% used [0x00000000e7280000,0x00000000e7280000,0x00000000e8a80000)
 ParOldGen       total 188416K, used 56328K [0x00000000a0000000, 0x00000000ab800000, 0x00000000e0000000)
  object space 188416K, 29% used [0x00000000a0000000,0x00000000a3702210,0x00000000ab800000)
 Metaspace       used 56741K, capacity 58912K, committed 58968K, reserved 1099776K
  class space    used 7734K, capacity 8278K, committed 8320K, reserved 1048576K
}
Event: 14.058 GC heap before
{Heap before GC invocations=14 (full 3):
 PSYoungGen      total 124416K, used 116560K [0x00000000e0000000, 0x00000000ed880000, 0x0000000100000000)
  eden space 117248K, 99% used [0x00000000e0000000,0x00000000e71d4160,0x00000000e7280000)
  from space 7168K, 0% used [0x00000000e8a80000,0x00000000e8a80000,0x00000000e9180000)
  to   space 24576K, 0% used [0x00000000e7280000,0x00000000e7280000,0x00000000e8a80000)
 ParOldGen       total 188416K, used 56328K [0x00000000a0000000, 0x00000000ab800000, 0x00000000e0000000)
  object space 188416K, 29% used [0x00000000a0000000,0x00000000a3702210,0x00000000ab800000)
 Metaspace       used 62224K, capacity 64894K, committed 64984K, reserved 1107968K
  class space    used 8466K, capacity 9146K, committed 9216K, reserved 1048576K

