# JRE version: OpenJDK Runtime Environment (8.0_152-b01) (build 1.8.0_152-release-915-b01)
# Java VM: OpenJDK 64-Bit Server VM (25.152-b01 mixed mode windows-amd64 compressed oops)
Heap:
 PSYoungGen      total 132096K, used 23997K [0x00000000e0000000, 0x00000000e9080000, 0x0000000100000000)
  eden space 121344K, 10% used [0x00000000e0000000,0x00000000e0cf7310,0x00000000e7680000)
  from space 10752K, 99% used [0x00000000e8600000,0x00000000e9078448,0x00000000e9080000)
  to   space 13312K, 0% used [0x00000000e7680000,0x00000000e7680000,0x00000000e8380000)
 ParOldGen       total 105472K, used 18226K [0x00000000a0000000, 0x00000000a6700000, 0x00000000e0000000)
  object space 105472K, 17% used [0x00000000a0000000,0x00000000a11ccab0,0x00000000a6700000)
 Metaspace       used 46200K, capacity 47378K, committed 47616K, reserved 1089536K
  class space    used 6219K, capacity 6593K, committed 6656K, reserved 1048576K
GC Heap History (10 events):
Event: 11.268 GC heap before
{Heap before GC invocations=6 (full 1):
 PSYoungGen      total 76288K, used 72615K [0x00000000e0000000, 0x00000000e8f00000, 0x0000000100000000)
  eden space 65536K, 100% used [0x00000000e0000000,0x00000000e4000000,0x00000000e4000000)
  from space 10752K, 65% used [0x00000000e4a80000,0x00000000e5169e00,0x00000000e5500000)
  to   space 10752K, 0% used [0x00000000e4000000,0x00000000e4000000,0x00000000e4a80000)
 ParOldGen       total 80896K, used 6669K [0x00000000a0000000, 0x00000000a4f00000, 0x00000000e0000000)
  object space 80896K, 8% used [0x00000000a0000000,0x00000000a0683680,0x00000000a4f00000)
 Metaspace       used 31191K, capacity 31918K, committed 32000K, reserved 1077248K
  class space    used 4313K, capacity 4584K, committed 4608K, reserved 1048576K
Event: 11.310 GC heap after
Heap after GC invocations=6 (full 1):
 PSYoungGen      total 76288K, used 10014K [0x00000000e0000000, 0x00000000e9300000, 0x0000000100000000)
  eden space 65536K, 0% used [0x00000000e0000000,0x00000000e0000000,0x00000000e4000000)
  from space 10752K, 93% used [0x00000000e4000000,0x00000000e49c7b70,0x00000000e4a80000)
  to   space 13312K, 0% used [0x00000000e8600000,0x00000000e8600000,0x00000000e9300000)
 ParOldGen       total 80896K, used 6669K [0x00000000a0000000, 0x00000000a4f00000, 0x00000000e0000000)
  object space 80896K, 8% used [0x00000000a0000000,0x00000000a0683680,0x00000000a4f00000)
 Metaspace       used 31191K, capacity 31918K, committed 32000K, reserved 1077248K
  class space    used 4313K, capacity 4584K, committed 4608K, reserved 1048576K
}
Event: 16.167 GC heap before
{Heap before GC invocations=7 (full 1):
 PSYoungGen      total 76288K, used 75550K [0x00000000e0000000, 0x00000000e9300000, 0x0000000100000000)
  eden space 65536K, 100% used [0x00000000e0000000,0x00000000e4000000,0x00000000e4000000)
  from space 10752K, 93% used [0x00000000e4000000,0x00000000e49c7b70,0x00000000e4a80000)
  to   space 13312K, 0% used [0x00000000e8600000,0x00000000e8600000,0x00000000e9300000)
 ParOldGen       total 80896K, used 6669K [0x00000000a0000000, 0x00000000a4f00000, 0x00000000e0000000)
  object space 80896K, 8% used [0x00000000a0000000,0x00000000a0683680,0x00000000a4f00000)
 Metaspace       used 33329K, capacity 34226K, committed 34432K, reserved 1079296K
  class space    used 4557K, capacity 4867K, committed 4992K, reserved 1048576K
Event: 16.176 GC heap after
Heap after GC invocations=7 (full 1):
 PSYoungGen      total 132096K, used 9770K [0x00000000e0000000, 0x00000000e9080000, 0x0000000100000000)
  eden space 121344K, 0% used [0x00000000e0000000,0x00000000e0000000,0x00000000e7680000)
  from space 10752K, 90% used [0x00000000e8600000,0x00000000e8f8ab10,0x00000000e9080000)
  to   space 13312K, 0% used [0x00000000e7680000,0x00000000e7680000,0x00000000e8380000)
 ParOldGen       total 80896K, used 6741K [0x00000000a0000000, 0x00000000a4f00000, 0x00000000e0000000)
  object space 80896K, 8% used [0x00000000a0000000,0x00000000a0695690,0x00000000a4f00000)
 Metaspace       used 33329K, capacity 34226K, committed 34432K, reserved 1079296K
  class space    used 4557K, capacity 4867K, committed 4992K, reserved 1048576K
}
Event: 16.295 GC heap before
{Heap before GC invocations=8 (full 1):
 PSYoungGen      total 132096K, used 16286K [0x00000000e0000000, 0x00000000e9080000, 0x0000000100000000)
  eden space 121344K, 5% used [0x00000000e0000000,0x00000000e065cd58,0x00000000e7680000)
  from space 10752K, 90% used [0x00000000e8600000,0x00000000e8f8ab10,0x00000000e9080000)
  to   space 13312K, 0% used [0x00000000e7680000,0x00000000e7680000,0x00000000e8380000)
 ParOldGen       total 80896K, used 6741K [0x00000000a0000000, 0x00000000a4f00000, 0x00000000e0000000)
  object space 80896K, 8% used [0x00000000a0000000,0x00000000a0695690,0x00000000a4f00000)
 Metaspace       used 34440K, capacity 35314K, committed 35416K, reserved 1079296K
  class space    used 4709K, capacity 5039K, committed 5120K, reserved 1048576K
Event: 16.305 GC heap after
Heap after GC invocations=8 (full 1):
 PSYoungGen      total 134656K, used 9031K [0x00000000e0000000, 0x00000000e9080000, 0x0000000100000000)
  eden space 121344K, 0% used [0x00000000e0000000,0x00000000e0000000,0x00000000e7680000)
  from space 13312K, 67% used [0x00000000e7680000,0x00000000e7f51fd0,0x00000000e8380000)
  to   space 10752K, 0% used [0x00000000e8600000,0x00000000e8600000,0x00000000e9080000)
 ParOldGen       total 80896K, used 6741K [0x00000000a0000000, 0x00000000a4f00000, 0x00000000e0000000)
  object space 80896K, 8% used [0x00000000a0000000,0x00000000a0695690,0x00000000a4f00000)
 Metaspace       used 34440K, capacity 35314K, committed 35416K, reserved 1079296K
  class space    used 4709K, capacity 5039K, committed 5120K, reserved 1048576K
}
Event: 16.305 GC heap before
{Heap before GC invocations=9 (full 2):
 PSYoungGen      total 134656K, used 9031K [0x00000000e0000000, 0x00000000e9080000, 0x0000000100000000)
  eden space 121344K, 0% used [0x00000000e0000000,0x00000000e0000000,0x00000000e7680000)
  from space 13312K, 67% used [0x00000000e7680000,0x00000000e7f51fd0,0x00000000e8380000)
  to   space 10752K, 0% used [0x00000000e8600000,0x00000000e8600000,0x00000000e9080000)
 ParOldGen       total 80896K, used 6741K [0x00000000a0000000, 0x00000000a4f00000, 0x00000000e0000000)
  object space 80896K, 8% used [0x00000000a0000000,0x00000000a0695690,0x00000000a4f00000)
 Metaspace       used 34440K, capacity 35314K, committed 35416K, reserved 1079296K
  class space    used 4709K, capacity 5039K, committed 5120K, reserved 1048576K
Event: 16.480 GC heap after
Heap after GC invocations=9 (full 2):
 PSYoungGen      total 134656K, used 0K [0x00000000e0000000, 0x00000000e9080000, 0x0000000100000000)
  eden space 121344K, 0% used [0x00000000e0000000,0x00000000e0000000,0x00000000e7680000)
  from space 13312K, 0% used [0x00000000e7680000,0x00000000e7680000,0x00000000e8380000)
  to   space 10752K, 0% used [0x00000000e8600000,0x00000000e8600000,0x00000000e9080000)
 ParOldGen       total 105472K, used 15332K [0x00000000a0000000, 0x00000000a6700000, 0x00000000e0000000)
  object space 105472K, 14% used [0x00000000a0000000,0x00000000a0ef9298,0x00000000a6700000)
 Metaspace       used 34440K, capacity 35314K, committed 35416K, reserved 1079296K
  class space    used 4709K, capacity 5039K, committed 5120K, reserved 1048576K
}
Event: 17.749 GC heap before
{Heap before GC invocations=10 (full 2):
 PSYoungGen      total 134656K, used 121344K [0x00000000e0000000, 0x00000000e9080000, 0x0000000100000000)
  eden space 121344K, 100% used [0x00000000e0000000,0x00000000e7680000,0x00000000e7680000)
  from space 13312K, 0% used [0x00000000e7680000,0x00000000e7680000,0x00000000e8380000)
  to   space 10752K, 0% used [0x00000000e8600000,0x00000000e8600000,0x00000000e9080000)
 ParOldGen       total 105472K, used 15332K [0x00000000a0000000, 0x00000000a6700000, 0x00000000e0000000)
  object space 105472K, 14% used [0x00000000a0000000,0x00000000a0ef9298,0x00000000a6700000)
 Metaspace       used 42965K, capacity 44136K, committed 44288K, reserved 1087488K
  class space    used 5739K, capacity 6088K, committed 6144K, reserved 1048576K
Event: 17.780 GC heap after
Heap after GC invocations=10 (full 2):
 PSYoungGen      total 132096K, used 10721K [0x00000000e0000000, 0x00000000e9080000, 0x0000000100000000)
  eden space 121344K, 0% used [0x00000000e0000000,0x00000000e0000000,0x00000000e7680000)
  from space 10752K, 99% used [0x00000000e8600000,0x00000000e9078448,0x00000000e9080000)
  to   space 13312K, 0% used [0x00000000e7680000,0x00000000e7680000,0x00000000e8380000)
 ParOldGen       total 105472K, used 18226K [0x00000000a0000000, 0x00000000a6700000, 0x00000000e0000000)
  object space 105472K, 17% used [0x00000000a0000000,0x00000000a11ccab0,0x00000000a6700000)
 Metaspace       used 42965K, capacity 44136K, committed 44288K, reserved 1087488K
  class space    used 5739K, capacity 6088K, committed 6144K, reserved 1048576K
}

